
> web-app@0.0.0 dev:server
> node --watch server/server.js

Restarting 'server/server.js'
Restarting 'server/server.js'
🚀 Initializing subscription cron jobs...
✅ Subscription cron jobs initialized
   - Expiring subscriptions check: Daily at 2 AM UTC
   - Expired subscriptions check: Daily at 3 AM UTC
✅ OTP Server running on http://localhost:3001
📧 Email: ultimatedev2025@gmail.com
⏱️  OTP Expiry: 2 minutes
🔢 OTP Length: 6 digits
Restarting 'server/server.js'
🚀 Initializing subscription cron jobs...
✅ Subscription cron jobs initialized
   - Expiring subscriptions check: Daily at 2 AM UTC
   - Expired subscriptions check: Daily at 3 AM UTC
✅ OTP Server running on http://localhost:3001
📧 Email: ultimatedev2025@gmail.com
⏱️  OTP Expiry: 2 minutes
🔢 OTP Length: 6 digits
Restarting 'server/server.js'
🚀 Initializing subscription cron jobs...
✅ Subscription cron jobs initialized
   - Expiring subscriptions check: Daily at 2 AM UTC
   - Expired subscriptions check: Daily at 3 AM UTC
✅ OTP Server running on http://localhost:3001
📧 Email: ultimatedev2025@gmail.com
⏱️  OTP Expiry: 2 minutes
🔢 OTP Length: 6 digits
Restarting 'server/server.js'
Restarting 'server/server.js'
🚀 Initializing subscription cron jobs...
✅ Subscription cron jobs initialized
   - Expiring subscriptions check: Daily at 2 AM UTC
   - Expired subscriptions check: Daily at 3 AM UTC
✅ OTP Server running on http://localhost:3001
📧 Email: ultimatedev2025@gmail.com
⏱️  OTP Expiry: 2 minutes
🔢 OTP Length: 6 digits
Restarting 'server/server.js'
🚀 Initializing subscription cron jobs...
✅ Subscription cron jobs initialized
   - Expiring subscriptions check: Daily at 2 AM UTC
   - Expired subscriptions check: Daily at 3 AM UTC
✅ OTP Server running on http://localhost:3001
📧 Email: ultimatedev2025@gmail.com
⏱️  OTP Expiry: 2 minutes
🔢 OTP Length: 6 digits
Restarting 'server/server.js'
🚀 Initializing subscription cron jobs...
✅ Subscription cron jobs initialized
   - Expiring subscriptions check: Daily at 2 AM UTC
   - Expired subscriptions check: Daily at 3 AM UTC
✅ OTP Server running on http://localhost:3001
📧 Email: ultimatedev2025@gmail.com
⏱️  OTP Expiry: 2 minutes
🔢 OTP Length: 6 digits
Restarting 'server/server.js'
🚀 Initializing subscription cron jobs...
✅ Subscription cron jobs initialized
   - Expiring subscriptions check: Daily at 2 AM UTC
   - Expired subscriptions check: Daily at 3 AM UTC
✅ OTP Server running on http://localhost:3001
📧 Email: ultimatedev2025@gmail.com
⏱️  OTP Expiry: 2 minutes
🔢 OTP Length: 6 digits
Restarting 'server/server.js'
🚀 Initializing subscription cron jobs...
✅ Subscription cron jobs initialized
   - Expiring subscriptions check: Daily at 2 AM UTC
   - Expired subscriptions check: Daily at 3 AM UTC
✅ OTP Server running on http://localhost:3001
📧 Email: ultimatedev2025@gmail.com
⏱️  OTP Expiry: 2 minutes
🔢 OTP Length: 6 digits
Restarting 'server/server.js'
🚀 Initializing subscription cron jobs...
✅ Subscription cron jobs initialized
   - Expiring subscriptions check: Daily at 2 AM UTC
   - Expired subscriptions check: Daily at 3 AM UTC
✅ OTP Server running on http://localhost:3001
📧 Email: ultimatedev2025@gmail.com
⏱️  OTP Expiry: 2 minutes
🔢 OTP Length: 6 digits
Restarting 'server/server.js'
🚀 Initializing subscription cron jobs...
✅ Subscription cron jobs initialized
   - Expiring subscriptions check: Daily at 2 AM UTC
   - Expired subscriptions check: Daily at 3 AM UTC
✅ OTP Server running on http://localhost:3001
📧 Email: ultimatedev2025@gmail.com
⏱️  OTP Expiry: 2 minutes
🔢 OTP Length: 6 digits
Restarting 'server/server.js'
🚀 Initializing subscription cron jobs...
✅ Subscription cron jobs initialized
   - Expiring subscriptions check: Daily at 2 AM UTC
   - Expired subscriptions check: Daily at 3 AM UTC
✅ OTP Server running on http://localhost:3001
📧 Email: ultimatedev2025@gmail.com
⏱️  OTP Expiry: 2 minutes
🔢 OTP Length: 6 digits
Restarting 'server/server.js'
🚀 Initializing subscription cron jobs...
✅ Subscription cron jobs initialized
   - Expiring subscriptions check: Daily at 2 AM UTC
   - Expired subscriptions check: Daily at 3 AM UTC
✅ OTP Server running on http://localhost:3001
📧 Email: ultimatedev2025@gmail.com
⏱️  OTP Expiry: 2 minutes
🔢 OTP Length: 6 digits
Restarting 'server/server.js'
🚀 Initializing subscription cron jobs...
✅ Subscription cron jobs initialized
   - Expiring subscriptions check: Daily at 2 AM UTC
   - Expired subscriptions check: Daily at 3 AM UTC
✅ OTP Server running on http://localhost:3001
📧 Email: ultimatedev2025@gmail.com
⏱️  OTP Expiry: 2 minutes
🔢 OTP Length: 6 digits
